<?xml version="1.0" encoding="UTF-8"?>
<testng-results skipped="0" failed="0" total="1" passed="1">
  <reporter-output>
  </reporter-output>
  <suite name="Default suite" duration-ms="261" started-at="2016-08-12T15:16:54Z" finished-at="2016-08-12T15:16:55Z">
    <groups>
    </groups>
    <test name="Default test" duration-ms="261" started-at="2016-08-12T15:16:54Z" finished-at="2016-08-12T15:16:55Z">
      <class name="com.priceline.testRunners.DemoTest">
        <test-method status="PASS" signature="ConfigDrivers()[pri:0, instance:com.priceline.testRunners.DemoTest@42b28ff1]" name="ConfigDrivers" is-config="true" duration-ms="8969" started-at="2016-08-12T11:16:45Z" finished-at="2016-08-12T11:16:54Z">
          <reporter-output>
          </reporter-output>
        </test-method> <!-- ConfigDrivers -->
        <test-method status="PASS" signature="Demo0001Test()[pri:0, instance:com.priceline.testRunners.DemoTest@42b28ff1]" name="Demo0001Test" duration-ms="52" started-at="2016-08-12T11:16:55Z" finished-at="2016-08-12T11:16:55Z">
          <reporter-output>
          </reporter-output>
        </test-method> <!-- Demo0001Test -->
      </class> <!-- com.priceline.testRunners.DemoTest -->
    </test> <!-- Default test -->
  </suite> <!-- Default suite -->
</testng-results>
