<?xml version="1.0" encoding="UTF-8"?>
<testng-results skipped="0" failed="0" total="1" passed="1">
  <reporter-output>
  </reporter-output>
  <suite name="Default suite" duration-ms="1479" started-at="2016-08-12T19:51:40Z" finished-at="2016-08-12T19:51:42Z">
    <groups>
    </groups>
    <test name="Default test" duration-ms="1479" started-at="2016-08-12T19:51:40Z" finished-at="2016-08-12T19:51:42Z">
      <class name="com.priceline.runners.Demo001Test">
        <test-method status="PASS" signature="run_cukes()[pri:0, instance:com.priceline.runners.Demo001Test@5a08efdc]" test-instance-name="" name="run_cukes" duration-ms="1256" started-at="2016-08-12T15:51:40Z" finished-at="2016-08-12T15:51:41Z">
          <reporter-output>
          </reporter-output>
        </test-method> <!-- run_cukes -->
      </class> <!-- com.priceline.runners.Demo001Test -->
      <class name="com.priceline.runners.Demo002Test">
        <test-method status="PASS" signature="ConfigDrivers()[pri:0, instance:com.priceline.runners.Demo002Test@1e9469b8]" test-instance-name="" name="ConfigDrivers" is-config="true" duration-ms="11251" started-at="2016-08-12T15:51:29Z" finished-at="2016-08-12T15:51:40Z">
          <reporter-output>
          </reporter-output>
        </test-method> <!-- ConfigDrivers -->
        <test-method status="PASS" signature="terminateDrivers()[pri:0, instance:com.priceline.runners.Demo002Test@1e9469b8]" test-instance-name="" name="terminateDrivers" is-config="true" duration-ms="149" started-at="2016-08-12T15:51:42Z" finished-at="2016-08-12T15:51:42Z">
          <reporter-output>
          </reporter-output>
        </test-method> <!-- terminateDrivers -->
      </class> <!-- com.priceline.runners.Demo002Test -->
    </test> <!-- Default test -->
  </suite> <!-- Default suite -->
</testng-results>
